[0.012s] Invoking command in '/home/linux/ros2_ws/build/simulation_sub': CMAKE_PREFIX_PATH=${CMAKE_PREFIX_PATH}:/opt/ros/foxy /usr/bin/cmake --build /home/linux/ros2_ws/build/simulation_sub -- -j24 -l24
[0.065s] [35m[1mScanning dependencies of target sub[0m
[0.091s] [ 33%] [32mBuilding CXX object CMakeFiles/sub.dir/src/sub.cpp.o[0m
[0.091s] [ 66%] [32mBuilding CXX object CMakeFiles/sub.dir/src/object.cpp.o[0m
[3.495s] [100%] [32m[1mLinking CXX executable sub[0m
[3.946s] [100%] Built target sub
[3.953s] Invoked command in '/home/linux/ros2_ws/build/simulation_sub' returned '0': CMAKE_PREFIX_PATH=${CMAKE_PREFIX_PATH}:/opt/ros/foxy /usr/bin/cmake --build /home/linux/ros2_ws/build/simulation_sub -- -j24 -l24
[3.960s] Invoking command in '/home/linux/ros2_ws/build/simulation_sub': CMAKE_PREFIX_PATH=${CMAKE_PREFIX_PATH}:/opt/ros/foxy /usr/bin/cmake --install /home/linux/ros2_ws/build/simulation_sub
[3.965s] -- Install configuration: ""
[3.965s] -- Execute custom install script
[3.966s] -- Up-to-date symlink: /home/linux/ros2_ws/install/simulation_sub/lib/simulation_sub/sub
[3.966s] -- Up-to-date symlink: /home/linux/ros2_ws/install/simulation_sub/share/ament_index/resource_index/package_run_dependencies/simulation_sub
[3.966s] -- Up-to-date symlink: /home/linux/ros2_ws/install/simulation_sub/share/ament_index/resource_index/parent_prefix_path/simulation_sub
[3.966s] -- Up-to-date symlink: /home/linux/ros2_ws/install/simulation_sub/share/simulation_sub/environment/ament_prefix_path.sh
[3.967s] -- Up-to-date symlink: /home/linux/ros2_ws/install/simulation_sub/share/simulation_sub/environment/ament_prefix_path.dsv
[3.967s] -- Up-to-date symlink: /home/linux/ros2_ws/install/simulation_sub/share/simulation_sub/environment/path.sh
[3.967s] -- Up-to-date symlink: /home/linux/ros2_ws/install/simulation_sub/share/simulation_sub/environment/path.dsv
[3.967s] -- Up-to-date symlink: /home/linux/ros2_ws/install/simulation_sub/share/simulation_sub/local_setup.bash
[3.968s] -- Up-to-date symlink: /home/linux/ros2_ws/install/simulation_sub/share/simulation_sub/local_setup.sh
[3.968s] -- Up-to-date symlink: /home/linux/ros2_ws/install/simulation_sub/share/simulation_sub/local_setup.zsh
[3.968s] -- Up-to-date symlink: /home/linux/ros2_ws/install/simulation_sub/share/simulation_sub/local_setup.dsv
[3.969s] -- Symlinking: /home/linux/ros2_ws/install/simulation_sub/share/simulation_sub/package.dsv
[3.975s] -- Up-to-date symlink: /home/linux/ros2_ws/install/simulation_sub/share/ament_index/resource_index/packages/simulation_sub
[3.975s] -- Up-to-date symlink: /home/linux/ros2_ws/install/simulation_sub/share/simulation_sub/cmake/simulation_subConfig.cmake
[3.975s] -- Up-to-date symlink: /home/linux/ros2_ws/install/simulation_sub/share/simulation_sub/cmake/simulation_subConfig-version.cmake
[3.975s] -- Up-to-date symlink: /home/linux/ros2_ws/install/simulation_sub/share/simulation_sub/package.xml
[3.977s] Invoked command in '/home/linux/ros2_ws/build/simulation_sub' returned '0': CMAKE_PREFIX_PATH=${CMAKE_PREFIX_PATH}:/opt/ros/foxy /usr/bin/cmake --install /home/linux/ros2_ws/build/simulation_sub
