[0.011s] Invoking command in '/home/linux/ros2_ws/build/simulation_pub': CMAKE_PREFIX_PATH=/opt/ros/foxy /usr/bin/cmake /home/linux/ros2_ws/src/simulation_pub -DAMENT_CMAKE_SYMLINK_INSTALL=1 -DCMAKE_INSTALL_PREFIX=/home/linux/ros2_ws/install/simulation_pub
[0.277s] -- The C compiler identification is GNU 9.4.0
[0.546s] -- The CXX compiler identification is GNU 9.4.0
[0.712s] -- Check for working C compiler: /usr/bin/cc
[1.080s] -- Check for working C compiler: /usr/bin/cc -- works
[1.089s] -- Detecting C compiler ABI info
[1.224s] -- Detecting C compiler ABI info - done
[1.230s] -- Detecting C compile features
[1.231s] -- Detecting C compile features - done
[1.232s] -- Check for working CXX compiler: /usr/bin/c++
[1.364s] -- Check for working CXX compiler: /usr/bin/c++ -- works
[1.365s] -- Detecting CXX compiler ABI info
[1.523s] -- Detecting CXX compiler ABI info - done
[1.529s] -- Detecting CXX compile features
[1.529s] -- Detecting CXX compile features - done
[1.538s] -- Found ament_cmake: 0.9.12 (/opt/ros/foxy/share/ament_cmake/cmake)
[1.554s] -- Found PythonInterp: /usr/bin/python3 (found suitable version "3.8.10", minimum required is "3") 
[1.555s] -- Using PYTHON_EXECUTABLE: /usr/bin/python3
[1.638s] -- Override CMake install command with custom implementation using symlinks instead of copying resources
[1.660s] -- Found rclcpp: 2.4.3 (/opt/ros/foxy/share/rclcpp/cmake)
[1.849s] -- Using all available rosidl_typesupport_c: rosidl_typesupport_fastrtps_c;rosidl_typesupport_introspection_c
[1.855s] -- Found rosidl_adapter: 1.3.1 (/opt/ros/foxy/share/rosidl_adapter/cmake)
[3.609s] -- Found OpenSSL: /usr/lib/x86_64-linux-gnu/libcrypto.so (found version "1.1.1f")  
[5.055s] -- Found FastRTPS: /opt/ros/foxy/include  
[8.212s] -- Using all available rosidl_typesupport_cpp: rosidl_typesupport_fastrtps_cpp;rosidl_typesupport_introspection_cpp
[8.254s] -- Found rmw_implementation_cmake: 1.0.4 (/opt/ros/foxy/share/rmw_implementation_cmake/cmake)
[8.256s] -- Using RMW implementation 'rmw_fastrtps_cpp' as default
[8.257s] -- Looking for pthread.h
[8.451s] -- Looking for pthread.h - found
[8.451s] -- Performing Test CMAKE_HAVE_LIBC_PTHREAD
[8.582s] -- Performing Test CMAKE_HAVE_LIBC_PTHREAD - Failed
[8.582s] -- Looking for pthread_create in pthreads
[8.697s] -- Looking for pthread_create in pthreads - not found
[8.697s] -- Looking for pthread_create in pthread
[8.820s] -- Looking for pthread_create in pthread - found
[8.820s] -- Found Threads: TRUE  
[8.914s] -- Found sensor_msgs: 2.0.5 (/opt/ros/foxy/share/sensor_msgs/cmake)
[8.983s] -- Found cv_bridge: 3.0.7 (/opt/ros/foxy/share/cv_bridge/cmake)
[9.001s] -- Found OpenCV: /usr (found version "4.2.0") 
[9.039s] CMake Error at /opt/ros/foxy/share/ament_cmake_core/cmake/core/ament_package_xml.cmake:53 (message):
[9.039s]   ament_package_xml() package name 'simulation_pub' in '/package.xml' does
[9.039s]   not match current PROJECT_NAME 'simulrate'.  You must call project() with
[9.039s]   the same package name before.
[9.039s] Call Stack (most recent call first):
[9.039s]   /opt/ros/foxy/share/ament_cmake_core/cmake/core/ament_package.cmake:63 (ament_package_xml)
[9.039s]   CMakeLists.txt:33 (ament_package)
[9.040s] 
[9.040s] 
[9.040s] -- Configuring incomplete, errors occurred!
[9.040s] See also "/home/linux/ros2_ws/build/simulation_pub/CMakeFiles/CMakeOutput.log".
[9.040s] See also "/home/linux/ros2_ws/build/simulation_pub/CMakeFiles/CMakeError.log".
[9.045s] Invoked command in '/home/linux/ros2_ws/build/simulation_pub' returned '1': CMAKE_PREFIX_PATH=/opt/ros/foxy /usr/bin/cmake /home/linux/ros2_ws/src/simulation_pub -DAMENT_CMAKE_SYMLINK_INSTALL=1 -DCMAKE_INSTALL_PREFIX=/home/linux/ros2_ws/install/simulation_pub
