[0.008s] Invoking command in '/home/linux/ros2_ws/build/simulation_pub': CMAKE_PREFIX_PATH=/opt/ros/foxy /usr/bin/cmake /home/linux/ros2_ws/src/simulation_pub -DAMENT_CMAKE_SYMLINK_INSTALL=1 -DCMAKE_INSTALL_PREFIX=/home/linux/ros2_ws/install/simulation_pub
[0.015s] -- Found ament_cmake: 0.9.12 (/opt/ros/foxy/share/ament_cmake/cmake)
[0.028s] -- Using PYTHON_EXECUTABLE: /usr/bin/python3
[0.107s] -- Override CMake install command with custom implementation using symlinks instead of copying resources
[0.111s] -- Found rclcpp: 2.4.3 (/opt/ros/foxy/share/rclcpp/cmake)
[0.245s] -- Using all available rosidl_typesupport_c: rosidl_typesupport_fastrtps_c;rosidl_typesupport_introspection_c
[0.247s] -- Found rosidl_adapter: 1.3.1 (/opt/ros/foxy/share/rosidl_adapter/cmake)
[4.635s] -- Using all available rosidl_typesupport_cpp: rosidl_typesupport_fastrtps_cpp;rosidl_typesupport_introspection_cpp
[4.660s] -- Found rmw_implementation_cmake: 1.0.4 (/opt/ros/foxy/share/rmw_implementation_cmake/cmake)
[4.661s] -- Using RMW implementation 'rmw_fastrtps_cpp' as default
[4.736s] -- Found sensor_msgs: 2.0.5 (/opt/ros/foxy/share/sensor_msgs/cmake)
[4.796s] -- Found cv_bridge: 3.0.7 (/opt/ros/foxy/share/cv_bridge/cmake)
[4.860s] -- Configuring done
[4.877s] -- Generating done
[4.883s] -- Build files have been written to: /home/linux/ros2_ws/build/simulation_pub
[4.888s] Invoked command in '/home/linux/ros2_ws/build/simulation_pub' returned '0': CMAKE_PREFIX_PATH=/opt/ros/foxy /usr/bin/cmake /home/linux/ros2_ws/src/simulation_pub -DAMENT_CMAKE_SYMLINK_INSTALL=1 -DCMAKE_INSTALL_PREFIX=/home/linux/ros2_ws/install/simulation_pub
[4.890s] Invoking command in '/home/linux/ros2_ws/build/simulation_pub': CMAKE_PREFIX_PATH=/opt/ros/foxy /usr/bin/cmake --build /home/linux/ros2_ws/build/simulation_pub -- -j24 -l24
[4.915s] [35m[1mScanning dependencies of target pub[0m
[4.915s] [35m[1mScanning dependencies of target sub[0m
[5.032s] [ 50%] [32mBuilding CXX object CMakeFiles/pub.dir/src/pub.cpp.o[0m
[5.032s] [ 50%] [32mBuilding CXX object CMakeFiles/sub.dir/src/sub.cpp.o[0m
[7.353s] [ 75%] [32m[1mLinking CXX executable pub[0m
[8.048s] [ 75%] Built target pub
[8.431s] [100%] [32m[1mLinking CXX executable sub[0m
[8.859s] [100%] Built target sub
[8.866s] Invoked command in '/home/linux/ros2_ws/build/simulation_pub' returned '0': CMAKE_PREFIX_PATH=/opt/ros/foxy /usr/bin/cmake --build /home/linux/ros2_ws/build/simulation_pub -- -j24 -l24
[8.873s] Invoking command in '/home/linux/ros2_ws/build/simulation_pub': CMAKE_PREFIX_PATH=/opt/ros/foxy /usr/bin/cmake --install /home/linux/ros2_ws/build/simulation_pub
[8.877s] -- Install configuration: ""
[8.878s] -- Execute custom install script
[8.878s] -- Symlinking: /home/linux/ros2_ws/install/simulation_pub/lib/simulation_pub/pub
[8.883s] -- Symlinking: /home/linux/ros2_ws/install/simulation_pub/lib/simulation_pub/sub
[8.888s] -- Symlinking: /home/linux/ros2_ws/install/simulation_pub/share/ament_index/resource_index/package_run_dependencies/simulation_pub
[8.893s] -- Symlinking: /home/linux/ros2_ws/install/simulation_pub/share/ament_index/resource_index/parent_prefix_path/simulation_pub
[8.898s] -- Symlinking: /home/linux/ros2_ws/install/simulation_pub/share/simulation_pub/environment/ament_prefix_path.sh
[8.903s] -- Symlinking: /home/linux/ros2_ws/install/simulation_pub/share/simulation_pub/environment/ament_prefix_path.dsv
[8.908s] -- Symlinking: /home/linux/ros2_ws/install/simulation_pub/share/simulation_pub/environment/path.sh
[8.913s] -- Symlinking: /home/linux/ros2_ws/install/simulation_pub/share/simulation_pub/environment/path.dsv
[8.918s] -- Symlinking: /home/linux/ros2_ws/install/simulation_pub/share/simulation_pub/local_setup.bash
[8.923s] -- Symlinking: /home/linux/ros2_ws/install/simulation_pub/share/simulation_pub/local_setup.sh
[8.928s] -- Symlinking: /home/linux/ros2_ws/install/simulation_pub/share/simulation_pub/local_setup.zsh
[8.933s] -- Symlinking: /home/linux/ros2_ws/install/simulation_pub/share/simulation_pub/local_setup.dsv
[8.938s] -- Symlinking: /home/linux/ros2_ws/install/simulation_pub/share/simulation_pub/package.dsv
[8.943s] -- Symlinking: /home/linux/ros2_ws/install/simulation_pub/share/ament_index/resource_index/packages/simulation_pub
[8.949s] -- Symlinking: /home/linux/ros2_ws/install/simulation_pub/share/simulation_pub/cmake/simulation_pubConfig.cmake
[8.954s] -- Symlinking: /home/linux/ros2_ws/install/simulation_pub/share/simulation_pub/cmake/simulation_pubConfig-version.cmake
[8.959s] -- Symlinking: /home/linux/ros2_ws/install/simulation_pub/share/simulation_pub/package.xml
[8.966s] Invoked command in '/home/linux/ros2_ws/build/simulation_pub' returned '0': CMAKE_PREFIX_PATH=/opt/ros/foxy /usr/bin/cmake --install /home/linux/ros2_ws/build/simulation_pub
