[0.008s] Invoking command in '/home/linux/ros2_ws/build/simulation_pub': CMAKE_PREFIX_PATH=${CMAKE_PREFIX_PATH}:/opt/ros/foxy /usr/bin/cmake --build /home/linux/ros2_ws/build/simulation_pub -- -j24 -l24
[0.031s] [35m[1mScanning dependencies of target sub[0m
[0.042s] [ 50%] Built target pub
[0.045s] [ 75%] [32mBuilding CXX object CMakeFiles/sub.dir/src/sub.cpp.o[0m
[3.375s] [100%] [32m[1mLinking CXX executable sub[0m
[3.705s] [100%] Built target sub
[3.714s] Invoked command in '/home/linux/ros2_ws/build/simulation_pub' returned '0': CMAKE_PREFIX_PATH=${CMAKE_PREFIX_PATH}:/opt/ros/foxy /usr/bin/cmake --build /home/linux/ros2_ws/build/simulation_pub -- -j24 -l24
[3.721s] Invoking command in '/home/linux/ros2_ws/build/simulation_pub': CMAKE_PREFIX_PATH=${CMAKE_PREFIX_PATH}:/opt/ros/foxy /usr/bin/cmake --install /home/linux/ros2_ws/build/simulation_pub
[3.725s] -- Install configuration: ""
[3.726s] -- Execute custom install script
[3.726s] -- Up-to-date symlink: /home/linux/ros2_ws/install/simulation_pub/lib/simulation_pub/pub
[3.726s] -- Up-to-date symlink: /home/linux/ros2_ws/install/simulation_pub/lib/simulation_pub/sub
[3.726s] -- Up-to-date symlink: /home/linux/ros2_ws/install/simulation_pub/share/ament_index/resource_index/package_run_dependencies/simulation_pub
[3.726s] -- Up-to-date symlink: /home/linux/ros2_ws/install/simulation_pub/share/ament_index/resource_index/parent_prefix_path/simulation_pub
[3.726s] -- Up-to-date symlink: /home/linux/ros2_ws/install/simulation_pub/share/simulation_pub/environment/ament_prefix_path.sh
[3.727s] -- Up-to-date symlink: /home/linux/ros2_ws/install/simulation_pub/share/simulation_pub/environment/ament_prefix_path.dsv
[3.727s] -- Up-to-date symlink: /home/linux/ros2_ws/install/simulation_pub/share/simulation_pub/environment/path.sh
[3.727s] -- Up-to-date symlink: /home/linux/ros2_ws/install/simulation_pub/share/simulation_pub/environment/path.dsv
[3.727s] -- Up-to-date symlink: /home/linux/ros2_ws/install/simulation_pub/share/simulation_pub/local_setup.bash
[3.727s] -- Up-to-date symlink: /home/linux/ros2_ws/install/simulation_pub/share/simulation_pub/local_setup.sh
[3.727s] -- Up-to-date symlink: /home/linux/ros2_ws/install/simulation_pub/share/simulation_pub/local_setup.zsh
[3.727s] -- Up-to-date symlink: /home/linux/ros2_ws/install/simulation_pub/share/simulation_pub/local_setup.dsv
[3.727s] -- Symlinking: /home/linux/ros2_ws/install/simulation_pub/share/simulation_pub/package.dsv
[3.732s] -- Up-to-date symlink: /home/linux/ros2_ws/install/simulation_pub/share/ament_index/resource_index/packages/simulation_pub
[3.733s] -- Up-to-date symlink: /home/linux/ros2_ws/install/simulation_pub/share/simulation_pub/cmake/simulation_pubConfig.cmake
[3.733s] -- Up-to-date symlink: /home/linux/ros2_ws/install/simulation_pub/share/simulation_pub/cmake/simulation_pubConfig-version.cmake
[3.733s] -- Up-to-date symlink: /home/linux/ros2_ws/install/simulation_pub/share/simulation_pub/package.xml
[3.735s] Invoked command in '/home/linux/ros2_ws/build/simulation_pub' returned '0': CMAKE_PREFIX_PATH=${CMAKE_PREFIX_PATH}:/opt/ros/foxy /usr/bin/cmake --install /home/linux/ros2_ws/build/simulation_pub
