[0.011s] Invoking command in '/home/linux/ros2_ws/build/simulation_pub': CMAKE_PREFIX_PATH=${CMAKE_PREFIX_PATH}:/opt/ros/foxy /usr/bin/cmake --build /home/linux/ros2_ws/build/simulation_pub -- -j24 -l24
[0.069s] [35m[1mScanning dependencies of target sub[0m
[0.090s] [ 25%] [32mBuilding CXX object CMakeFiles/sub.dir/src/sub.cpp.o[0m
[0.101s] [ 75%] Built target pub
[3.555s] [100%] [32m[1mLinking CXX executable sub[0m
[4.053s] [100%] Built target sub
[4.060s] Invoked command in '/home/linux/ros2_ws/build/simulation_pub' returned '0': CMAKE_PREFIX_PATH=${CMAKE_PREFIX_PATH}:/opt/ros/foxy /usr/bin/cmake --build /home/linux/ros2_ws/build/simulation_pub -- -j24 -l24
[4.067s] Invoking command in '/home/linux/ros2_ws/build/simulation_pub': CMAKE_PREFIX_PATH=${CMAKE_PREFIX_PATH}:/opt/ros/foxy /usr/bin/cmake --install /home/linux/ros2_ws/build/simulation_pub
[4.071s] -- Install configuration: ""
[4.072s] -- Execute custom install script
[4.072s] -- Up-to-date symlink: /home/linux/ros2_ws/install/simulation_pub/lib/simulation_pub/pub
[4.073s] -- Up-to-date symlink: /home/linux/ros2_ws/install/simulation_pub/lib/simulation_pub/sub
[4.073s] -- Up-to-date symlink: /home/linux/ros2_ws/install/simulation_pub/share/ament_index/resource_index/package_run_dependencies/simulation_pub
[4.073s] -- Up-to-date symlink: /home/linux/ros2_ws/install/simulation_pub/share/ament_index/resource_index/parent_prefix_path/simulation_pub
[4.073s] -- Up-to-date symlink: /home/linux/ros2_ws/install/simulation_pub/share/simulation_pub/environment/ament_prefix_path.sh
[4.074s] -- Up-to-date symlink: /home/linux/ros2_ws/install/simulation_pub/share/simulation_pub/environment/ament_prefix_path.dsv
[4.074s] -- Up-to-date symlink: /home/linux/ros2_ws/install/simulation_pub/share/simulation_pub/environment/path.sh
[4.074s] -- Up-to-date symlink: /home/linux/ros2_ws/install/simulation_pub/share/simulation_pub/environment/path.dsv
[4.075s] -- Up-to-date symlink: /home/linux/ros2_ws/install/simulation_pub/share/simulation_pub/local_setup.bash
[4.075s] -- Up-to-date symlink: /home/linux/ros2_ws/install/simulation_pub/share/simulation_pub/local_setup.sh
[4.075s] -- Up-to-date symlink: /home/linux/ros2_ws/install/simulation_pub/share/simulation_pub/local_setup.zsh
[4.076s] -- Up-to-date symlink: /home/linux/ros2_ws/install/simulation_pub/share/simulation_pub/local_setup.dsv
[4.076s] -- Symlinking: /home/linux/ros2_ws/install/simulation_pub/share/simulation_pub/package.dsv
[4.081s] -- Up-to-date symlink: /home/linux/ros2_ws/install/simulation_pub/share/ament_index/resource_index/packages/simulation_pub
[4.082s] -- Up-to-date symlink: /home/linux/ros2_ws/install/simulation_pub/share/simulation_pub/cmake/simulation_pubConfig.cmake
[4.082s] -- Up-to-date symlink: /home/linux/ros2_ws/install/simulation_pub/share/simulation_pub/cmake/simulation_pubConfig-version.cmake
[4.082s] -- Up-to-date symlink: /home/linux/ros2_ws/install/simulation_pub/share/simulation_pub/package.xml
[4.083s] Invoked command in '/home/linux/ros2_ws/build/simulation_pub' returned '0': CMAKE_PREFIX_PATH=${CMAKE_PREFIX_PATH}:/opt/ros/foxy /usr/bin/cmake --install /home/linux/ros2_ws/build/simulation_pub
