[0.010s] Invoking command in '/home/linux/ros2_ws/build/simulation_pub': CMAKE_PREFIX_PATH=${CMAKE_PREFIX_PATH}:/opt/ros/foxy /usr/bin/cmake --build /home/linux/ros2_ws/build/simulation_pub -- -j24 -l24
[0.037s] [35m[1mScanning dependencies of target pub[0m
[0.037s] [35m[1mScanning dependencies of target sub[0m
[0.052s] [ 25%] [32mBuilding CXX object CMakeFiles/sub.dir/src/sub.cpp.o[0m
[0.053s] [ 50%] [32mBuilding CXX object CMakeFiles/pub.dir/src/pub.cpp.o[0m
[2.322s] [ 75%] [32m[1mLinking CXX executable pub[0m
[2.663s] [ 75%] Built target pub
[3.420s] [100%] [32m[1mLinking CXX executable sub[0m
[3.941s] [100%] Built target sub
[3.948s] Invoked command in '/home/linux/ros2_ws/build/simulation_pub' returned '0': CMAKE_PREFIX_PATH=${CMAKE_PREFIX_PATH}:/opt/ros/foxy /usr/bin/cmake --build /home/linux/ros2_ws/build/simulation_pub -- -j24 -l24
[3.956s] Invoking command in '/home/linux/ros2_ws/build/simulation_pub': CMAKE_PREFIX_PATH=${CMAKE_PREFIX_PATH}:/opt/ros/foxy /usr/bin/cmake --install /home/linux/ros2_ws/build/simulation_pub
[3.961s] -- Install configuration: ""
[3.961s] -- Execute custom install script
[3.962s] -- Up-to-date symlink: /home/linux/ros2_ws/install/simulation_pub/lib/simulation_pub/pub
[3.962s] -- Up-to-date symlink: /home/linux/ros2_ws/install/simulation_pub/lib/simulation_pub/sub
[3.962s] -- Up-to-date symlink: /home/linux/ros2_ws/install/simulation_pub/share/ament_index/resource_index/package_run_dependencies/simulation_pub
[3.962s] -- Up-to-date symlink: /home/linux/ros2_ws/install/simulation_pub/share/ament_index/resource_index/parent_prefix_path/simulation_pub
[3.962s] -- Up-to-date symlink: /home/linux/ros2_ws/install/simulation_pub/share/simulation_pub/environment/ament_prefix_path.sh
[3.963s] -- Up-to-date symlink: /home/linux/ros2_ws/install/simulation_pub/share/simulation_pub/environment/ament_prefix_path.dsv
[3.963s] -- Up-to-date symlink: /home/linux/ros2_ws/install/simulation_pub/share/simulation_pub/environment/path.sh
[3.963s] -- Up-to-date symlink: /home/linux/ros2_ws/install/simulation_pub/share/simulation_pub/environment/path.dsv
[3.963s] -- Up-to-date symlink: /home/linux/ros2_ws/install/simulation_pub/share/simulation_pub/local_setup.bash
[3.964s] -- Up-to-date symlink: /home/linux/ros2_ws/install/simulation_pub/share/simulation_pub/local_setup.sh
[3.964s] -- Up-to-date symlink: /home/linux/ros2_ws/install/simulation_pub/share/simulation_pub/local_setup.zsh
[3.964s] -- Up-to-date symlink: /home/linux/ros2_ws/install/simulation_pub/share/simulation_pub/local_setup.dsv
[3.964s] -- Symlinking: /home/linux/ros2_ws/install/simulation_pub/share/simulation_pub/package.dsv
[3.970s] -- Up-to-date symlink: /home/linux/ros2_ws/install/simulation_pub/share/ament_index/resource_index/packages/simulation_pub
[3.970s] -- Up-to-date symlink: /home/linux/ros2_ws/install/simulation_pub/share/simulation_pub/cmake/simulation_pubConfig.cmake
[3.971s] -- Up-to-date symlink: /home/linux/ros2_ws/install/simulation_pub/share/simulation_pub/cmake/simulation_pubConfig-version.cmake
[3.971s] -- Up-to-date symlink: /home/linux/ros2_ws/install/simulation_pub/share/simulation_pub/package.xml
[3.972s] Invoked command in '/home/linux/ros2_ws/build/simulation_pub' returned '0': CMAKE_PREFIX_PATH=${CMAKE_PREFIX_PATH}:/opt/ros/foxy /usr/bin/cmake --install /home/linux/ros2_ws/build/simulation_pub
