[35m[1mScanning dependencies of target sub[0m
[ 33%] [32mBuilding CXX object CMakeFiles/sub.dir/src/sub.cpp.o[0m
[ 66%] [32m[1mLinking CXX executable sub[0m
[100%] Built target sub
-- Install configuration: ""
-- Execute custom install script
-- Up-to-date symlink: /home/linux/ros2_ws/install/simulation_sub/lib/simulation_sub/sub
-- Up-to-date symlink: /home/linux/ros2_ws/install/simulation_sub/share/ament_index/resource_index/package_run_dependencies/simulation_sub
-- Up-to-date symlink: /home/linux/ros2_ws/install/simulation_sub/share/ament_index/resource_index/parent_prefix_path/simulation_sub
-- Up-to-date symlink: /home/linux/ros2_ws/install/simulation_sub/share/simulation_sub/environment/ament_prefix_path.sh
-- Up-to-date symlink: /home/linux/ros2_ws/install/simulation_sub/share/simulation_sub/environment/ament_prefix_path.dsv
-- Up-to-date symlink: /home/linux/ros2_ws/install/simulation_sub/share/simulation_sub/environment/path.sh
-- Up-to-date symlink: /home/linux/ros2_ws/install/simulation_sub/share/simulation_sub/environment/path.dsv
-- Up-to-date symlink: /home/linux/ros2_ws/install/simulation_sub/share/simulation_sub/local_setup.bash
-- Up-to-date symlink: /home/linux/ros2_ws/install/simulation_sub/share/simulation_sub/local_setup.sh
-- Up-to-date symlink: /home/linux/ros2_ws/install/simulation_sub/share/simulation_sub/local_setup.zsh
-- Up-to-date symlink: /home/linux/ros2_ws/install/simulation_sub/share/simulation_sub/local_setup.dsv
-- Symlinking: /home/linux/ros2_ws/install/simulation_sub/share/simulation_sub/package.dsv
-- Up-to-date symlink: /home/linux/ros2_ws/install/simulation_sub/share/ament_index/resource_index/packages/simulation_sub
-- Up-to-date symlink: /home/linux/ros2_ws/install/simulation_sub/share/simulation_sub/cmake/simulation_subConfig.cmake
-- Up-to-date symlink: /home/linux/ros2_ws/install/simulation_sub/share/simulation_sub/cmake/simulation_subConfig-version.cmake
-- Up-to-date symlink: /home/linux/ros2_ws/install/simulation_sub/share/simulation_sub/package.xml
