[0.009s] Invoking command in '/home/linux/ros2_ws/build/simulation_sub': CMAKE_PREFIX_PATH=${CMAKE_PREFIX_PATH}:/opt/ros/foxy /usr/bin/cmake --build /home/linux/ros2_ws/build/simulation_sub -- -j24 -l24
[0.046s] [100%] Built target sub
[0.053s] Invoked command in '/home/linux/ros2_ws/build/simulation_sub' returned '0': CMAKE_PREFIX_PATH=${CMAKE_PREFIX_PATH}:/opt/ros/foxy /usr/bin/cmake --build /home/linux/ros2_ws/build/simulation_sub -- -j24 -l24
[0.060s] Invoking command in '/home/linux/ros2_ws/build/simulation_sub': CMAKE_PREFIX_PATH=${CMAKE_PREFIX_PATH}:/opt/ros/foxy /usr/bin/cmake --install /home/linux/ros2_ws/build/simulation_sub
[0.064s] -- Install configuration: ""
[0.064s] -- Execute custom install script
[0.064s] -- Up-to-date symlink: /home/linux/ros2_ws/install/simulation_sub/lib/simulation_sub/sub
[0.064s] -- Up-to-date symlink: /home/linux/ros2_ws/install/simulation_sub/share/ament_index/resource_index/package_run_dependencies/simulation_sub
[0.065s] -- Up-to-date symlink: /home/linux/ros2_ws/install/simulation_sub/share/ament_index/resource_index/parent_prefix_path/simulation_sub
[0.065s] -- Up-to-date symlink: /home/linux/ros2_ws/install/simulation_sub/share/simulation_sub/environment/ament_prefix_path.sh
[0.065s] -- Up-to-date symlink: /home/linux/ros2_ws/install/simulation_sub/share/simulation_sub/environment/ament_prefix_path.dsv
[0.065s] -- Up-to-date symlink: /home/linux/ros2_ws/install/simulation_sub/share/simulation_sub/environment/path.sh
[0.065s] -- Up-to-date symlink: /home/linux/ros2_ws/install/simulation_sub/share/simulation_sub/environment/path.dsv
[0.065s] -- Up-to-date symlink: /home/linux/ros2_ws/install/simulation_sub/share/simulation_sub/local_setup.bash
[0.065s] -- Up-to-date symlink: /home/linux/ros2_ws/install/simulation_sub/share/simulation_sub/local_setup.sh
[0.065s] -- Up-to-date symlink: /home/linux/ros2_ws/install/simulation_sub/share/simulation_sub/local_setup.zsh
[0.066s] -- Up-to-date symlink: /home/linux/ros2_ws/install/simulation_sub/share/simulation_sub/local_setup.dsv
[0.066s] -- Symlinking: /home/linux/ros2_ws/install/simulation_sub/share/simulation_sub/package.dsv
[0.071s] -- Up-to-date symlink: /home/linux/ros2_ws/install/simulation_sub/share/ament_index/resource_index/packages/simulation_sub
[0.071s] -- Up-to-date symlink: /home/linux/ros2_ws/install/simulation_sub/share/simulation_sub/cmake/simulation_subConfig.cmake
[0.071s] -- Up-to-date symlink: /home/linux/ros2_ws/install/simulation_sub/share/simulation_sub/cmake/simulation_subConfig-version.cmake
[0.072s] -- Up-to-date symlink: /home/linux/ros2_ws/install/simulation_sub/share/simulation_sub/package.xml
[0.073s] Invoked command in '/home/linux/ros2_ws/build/simulation_sub' returned '0': CMAKE_PREFIX_PATH=${CMAKE_PREFIX_PATH}:/opt/ros/foxy /usr/bin/cmake --install /home/linux/ros2_ws/build/simulation_sub
