[0.234s] DEBUG:colcon:Command line arguments: ['/usr/bin/colcon', 'build', '--packages-select', 'simulation_sub']
[0.234s] DEBUG:colcon:Parsed command line arguments: Namespace(allow_overriding=[], ament_cmake_args=None, base_paths=['.'], build_base='build', catkin_cmake_args=None, catkin_skip_building_tests=False, cmake_args=None, cmake_clean_cache=False, cmake_clean_first=False, cmake_force_configure=False, cmake_target=None, cmake_target_skip_unavailable=False, continue_on_error=False, event_handlers=None, executor='parallel', ignore_user_meta=False, install_base='install', log_base=None, log_level=None, main=<bound method BuildVerb.main of <colcon_core.verb.build.BuildVerb object at 0x713078c467c0>>, merge_install=False, metas=['./colcon.meta'], packages_above=None, packages_above_and_dependencies=None, packages_above_depth=None, packages_end=None, packages_ignore=None, packages_ignore_regex=None, packages_select=['simulation_sub'], packages_select_build_failed=False, packages_select_by_dep=None, packages_select_regex=None, packages_select_test_failures=False, packages_skip=None, packages_skip_build_finished=False, packages_skip_by_dep=None, packages_skip_regex=None, packages_skip_test_passed=False, packages_skip_up_to=None, packages_start=None, packages_up_to=None, packages_up_to_regex=None, parallel_workers=24, paths=None, symlink_install=False, test_result_base=None, verb_extension=<colcon_core.verb.build.BuildVerb object at 0x713078c467c0>, verb_name='build', verb_parser=<colcon_defaults.argument_parser.defaults.DefaultArgumentsDecorator object at 0x713078c46c10>)
[0.347s] Level 1:colcon.colcon_core.package_discovery:discover_packages(colcon_meta) check parameters
[0.347s] Level 1:colcon.colcon_core.package_discovery:discover_packages(recursive) check parameters
[0.347s] Level 1:colcon.colcon_core.package_discovery:discover_packages(ignore) check parameters
[0.347s] Level 1:colcon.colcon_core.package_discovery:discover_packages(path) check parameters
[0.347s] Level 1:colcon.colcon_core.package_discovery:discover_packages(colcon_meta) discover
[0.347s] Level 1:colcon.colcon_core.package_discovery:discover_packages(recursive) discover
[0.347s] INFO:colcon.colcon_core.package_discovery:Crawling recursively for packages in '/home/linux/ros2_ws'
[0.347s] Level 1:colcon.colcon_core.package_identification:_identify(.) by extensions ['ignore', 'ignore_ament_install']
[0.347s] Level 1:colcon.colcon_core.package_identification:_identify(.) by extension 'ignore'
[0.347s] Level 1:colcon.colcon_core.package_identification:_identify(.) by extension 'ignore_ament_install'
[0.347s] Level 1:colcon.colcon_core.package_identification:_identify(.) by extensions ['colcon_pkg']
[0.347s] Level 1:colcon.colcon_core.package_identification:_identify(.) by extension 'colcon_pkg'
[0.347s] Level 1:colcon.colcon_core.package_identification:_identify(.) by extensions ['colcon_meta']
[0.347s] Level 1:colcon.colcon_core.package_identification:_identify(.) by extension 'colcon_meta'
[0.347s] Level 1:colcon.colcon_core.package_identification:_identify(.) by extensions ['ros']
[0.347s] Level 1:colcon.colcon_core.package_identification:_identify(.) by extension 'ros'
[0.355s] Level 1:colcon.colcon_core.package_identification:_identify(.) by extensions ['cmake', 'python']
[0.355s] Level 1:colcon.colcon_core.package_identification:_identify(.) by extension 'cmake'
[0.355s] Level 1:colcon.colcon_core.package_identification:_identify(.) by extension 'python'
[0.355s] Level 1:colcon.colcon_core.package_identification:_identify(.) by extensions ['python_setup_py']
[0.355s] Level 1:colcon.colcon_core.package_identification:_identify(.) by extension 'python_setup_py'
[0.355s] Level 1:colcon.colcon_core.package_identification:_identify(build) by extensions ['ignore', 'ignore_ament_install']
[0.356s] Level 1:colcon.colcon_core.package_identification:_identify(build) by extension 'ignore'
[0.356s] Level 1:colcon.colcon_core.package_identification:_identify(build) ignored
[0.356s] Level 1:colcon.colcon_core.package_identification:_identify(install) by extensions ['ignore', 'ignore_ament_install']
[0.356s] Level 1:colcon.colcon_core.package_identification:_identify(install) by extension 'ignore'
[0.356s] Level 1:colcon.colcon_core.package_identification:_identify(install) ignored
[0.356s] Level 1:colcon.colcon_core.package_identification:_identify(log) by extensions ['ignore', 'ignore_ament_install']
[0.356s] Level 1:colcon.colcon_core.package_identification:_identify(log) by extension 'ignore'
[0.356s] Level 1:colcon.colcon_core.package_identification:_identify(log) ignored
[0.356s] Level 1:colcon.colcon_core.package_identification:_identify(simulation) by extensions ['ignore', 'ignore_ament_install']
[0.356s] Level 1:colcon.colcon_core.package_identification:_identify(simulation) by extension 'ignore'
[0.356s] Level 1:colcon.colcon_core.package_identification:_identify(simulation) by extension 'ignore_ament_install'
[0.356s] Level 1:colcon.colcon_core.package_identification:_identify(simulation) by extensions ['colcon_pkg']
[0.356s] Level 1:colcon.colcon_core.package_identification:_identify(simulation) by extension 'colcon_pkg'
[0.356s] Level 1:colcon.colcon_core.package_identification:_identify(simulation) by extensions ['colcon_meta']
[0.356s] Level 1:colcon.colcon_core.package_identification:_identify(simulation) by extension 'colcon_meta'
[0.356s] Level 1:colcon.colcon_core.package_identification:_identify(simulation) by extensions ['ros']
[0.356s] Level 1:colcon.colcon_core.package_identification:_identify(simulation) by extension 'ros'
[0.356s] Level 1:colcon.colcon_core.package_identification:_identify(simulation) by extensions ['cmake', 'python']
[0.356s] Level 1:colcon.colcon_core.package_identification:_identify(simulation) by extension 'cmake'
[0.356s] Level 1:colcon.colcon_core.package_identification:_identify(simulation) by extension 'python'
[0.356s] Level 1:colcon.colcon_core.package_identification:_identify(simulation) by extensions ['python_setup_py']
[0.356s] Level 1:colcon.colcon_core.package_identification:_identify(simulation) by extension 'python_setup_py'
[0.356s] Level 1:colcon.colcon_core.package_identification:_identify(src) by extensions ['ignore', 'ignore_ament_install']
[0.356s] Level 1:colcon.colcon_core.package_identification:_identify(src) by extension 'ignore'
[0.357s] Level 1:colcon.colcon_core.package_identification:_identify(src) by extension 'ignore_ament_install'
[0.357s] Level 1:colcon.colcon_core.package_identification:_identify(src) by extensions ['colcon_pkg']
[0.357s] Level 1:colcon.colcon_core.package_identification:_identify(src) by extension 'colcon_pkg'
[0.357s] Level 1:colcon.colcon_core.package_identification:_identify(src) by extensions ['colcon_meta']
[0.357s] Level 1:colcon.colcon_core.package_identification:_identify(src) by extension 'colcon_meta'
[0.357s] Level 1:colcon.colcon_core.package_identification:_identify(src) by extensions ['ros']
[0.357s] Level 1:colcon.colcon_core.package_identification:_identify(src) by extension 'ros'
[0.357s] Level 1:colcon.colcon_core.package_identification:_identify(src) by extensions ['cmake', 'python']
[0.357s] Level 1:colcon.colcon_core.package_identification:_identify(src) by extension 'cmake'
[0.357s] Level 1:colcon.colcon_core.package_identification:_identify(src) by extension 'python'
[0.357s] Level 1:colcon.colcon_core.package_identification:_identify(src) by extensions ['python_setup_py']
[0.357s] Level 1:colcon.colcon_core.package_identification:_identify(src) by extension 'python_setup_py'
[0.357s] Level 1:colcon.colcon_core.package_identification:_identify(src/camera_ros2) by extensions ['ignore', 'ignore_ament_install']
[0.357s] Level 1:colcon.colcon_core.package_identification:_identify(src/camera_ros2) by extension 'ignore'
[0.357s] Level 1:colcon.colcon_core.package_identification:_identify(src/camera_ros2) by extension 'ignore_ament_install'
[0.357s] Level 1:colcon.colcon_core.package_identification:_identify(src/camera_ros2) by extensions ['colcon_pkg']
[0.357s] Level 1:colcon.colcon_core.package_identification:_identify(src/camera_ros2) by extension 'colcon_pkg'
[0.357s] Level 1:colcon.colcon_core.package_identification:_identify(src/camera_ros2) by extensions ['colcon_meta']
[0.357s] Level 1:colcon.colcon_core.package_identification:_identify(src/camera_ros2) by extension 'colcon_meta'
[0.357s] Level 1:colcon.colcon_core.package_identification:_identify(src/camera_ros2) by extensions ['ros']
[0.357s] Level 1:colcon.colcon_core.package_identification:_identify(src/camera_ros2) by extension 'ros'
[0.359s] DEBUG:colcon.colcon_core.package_identification:Package 'src/camera_ros2' with type 'ros.ament_cmake' and name 'camera_ros2'
[0.359s] Level 1:colcon.colcon_core.package_identification:_identify(src/simulation_pub) by extensions ['ignore', 'ignore_ament_install']
[0.359s] Level 1:colcon.colcon_core.package_identification:_identify(src/simulation_pub) by extension 'ignore'
[0.359s] Level 1:colcon.colcon_core.package_identification:_identify(src/simulation_pub) by extension 'ignore_ament_install'
[0.359s] Level 1:colcon.colcon_core.package_identification:_identify(src/simulation_pub) by extensions ['colcon_pkg']
[0.359s] Level 1:colcon.colcon_core.package_identification:_identify(src/simulation_pub) by extension 'colcon_pkg'
[0.359s] Level 1:colcon.colcon_core.package_identification:_identify(src/simulation_pub) by extensions ['colcon_meta']
[0.359s] Level 1:colcon.colcon_core.package_identification:_identify(src/simulation_pub) by extension 'colcon_meta'
[0.359s] Level 1:colcon.colcon_core.package_identification:_identify(src/simulation_pub) by extensions ['ros']
[0.359s] Level 1:colcon.colcon_core.package_identification:_identify(src/simulation_pub) by extension 'ros'
[0.360s] DEBUG:colcon.colcon_core.package_identification:Package 'src/simulation_pub' with type 'ros.ament_cmake' and name 'simulation_pub'
[0.360s] Level 1:colcon.colcon_core.package_identification:_identify(src/simulation_sub) by extensions ['ignore', 'ignore_ament_install']
[0.360s] Level 1:colcon.colcon_core.package_identification:_identify(src/simulation_sub) by extension 'ignore'
[0.360s] Level 1:colcon.colcon_core.package_identification:_identify(src/simulation_sub) by extension 'ignore_ament_install'
[0.360s] Level 1:colcon.colcon_core.package_identification:_identify(src/simulation_sub) by extensions ['colcon_pkg']
[0.360s] Level 1:colcon.colcon_core.package_identification:_identify(src/simulation_sub) by extension 'colcon_pkg'
[0.360s] Level 1:colcon.colcon_core.package_identification:_identify(src/simulation_sub) by extensions ['colcon_meta']
[0.360s] Level 1:colcon.colcon_core.package_identification:_identify(src/simulation_sub) by extension 'colcon_meta'
[0.360s] Level 1:colcon.colcon_core.package_identification:_identify(src/simulation_sub) by extensions ['ros']
[0.360s] Level 1:colcon.colcon_core.package_identification:_identify(src/simulation_sub) by extension 'ros'
[0.360s] DEBUG:colcon.colcon_core.package_identification:Package 'src/simulation_sub' with type 'ros.ament_cmake' and name 'simulation_sub'
[0.360s] Level 1:colcon.colcon_core.package_discovery:discover_packages(recursive) using defaults
[0.360s] Level 1:colcon.colcon_core.package_discovery:discover_packages(ignore) discover
[0.360s] Level 1:colcon.colcon_core.package_discovery:discover_packages(ignore) using defaults
[0.360s] Level 1:colcon.colcon_core.package_discovery:discover_packages(path) discover
[0.360s] Level 1:colcon.colcon_core.package_discovery:discover_packages(path) using defaults
[0.374s] INFO:colcon.colcon_core.package_selection:Skipping not selected package 'camera_ros2' in 'src/camera_ros2'
[0.374s] INFO:colcon.colcon_core.package_selection:Skipping not selected package 'simulation_pub' in 'src/simulation_pub'
[0.374s] Level 1:colcon.colcon_core.package_discovery:discover_packages(prefix_path) check parameters
[0.374s] Level 1:colcon.colcon_core.package_discovery:discover_packages(prefix_path) discover
[0.376s] DEBUG:colcon.colcon_installed_package_information.package_discovery:Found 2 installed packages in /home/linux/ros2_ws/install
[0.377s] DEBUG:colcon.colcon_installed_package_information.package_discovery:Found 258 installed packages in /opt/ros/foxy
[0.382s] Level 1:colcon.colcon_core.package_discovery:discover_packages(prefix_path) using defaults
[0.451s] Level 5:colcon.colcon_core.verb:set package 'simulation_sub' build argument 'cmake_args' from command line to 'None'
[0.451s] Level 5:colcon.colcon_core.verb:set package 'simulation_sub' build argument 'cmake_target' from command line to 'None'
[0.451s] Level 5:colcon.colcon_core.verb:set package 'simulation_sub' build argument 'cmake_target_skip_unavailable' from command line to 'False'
[0.451s] Level 5:colcon.colcon_core.verb:set package 'simulation_sub' build argument 'cmake_clean_cache' from command line to 'False'
[0.451s] Level 5:colcon.colcon_core.verb:set package 'simulation_sub' build argument 'cmake_clean_first' from command line to 'False'
[0.451s] Level 5:colcon.colcon_core.verb:set package 'simulation_sub' build argument 'cmake_force_configure' from command line to 'False'
[0.451s] Level 5:colcon.colcon_core.verb:set package 'simulation_sub' build argument 'ament_cmake_args' from command line to 'None'
[0.452s] Level 5:colcon.colcon_core.verb:set package 'simulation_sub' build argument 'catkin_cmake_args' from command line to 'None'
[0.452s] Level 5:colcon.colcon_core.verb:set package 'simulation_sub' build argument 'catkin_skip_building_tests' from command line to 'False'
[0.452s] DEBUG:colcon.colcon_core.verb:Building package 'simulation_sub' with the following arguments: {'ament_cmake_args': None, 'build_base': '/home/linux/ros2_ws/build/simulation_sub', 'catkin_cmake_args': None, 'catkin_skip_building_tests': False, 'cmake_args': None, 'cmake_clean_cache': False, 'cmake_clean_first': False, 'cmake_force_configure': False, 'cmake_target': None, 'cmake_target_skip_unavailable': False, 'install_base': '/home/linux/ros2_ws/install/simulation_sub', 'merge_install': False, 'path': '/home/linux/ros2_ws/src/simulation_sub', 'symlink_install': False, 'test_result_base': None}
[0.452s] INFO:colcon.colcon_core.executor:Executing jobs using 'parallel' executor
[0.452s] DEBUG:colcon.colcon_parallel_executor.executor.parallel:run_until_complete
[0.453s] INFO:colcon.colcon_ros.task.ament_cmake.build:Building ROS package in '/home/linux/ros2_ws/src/simulation_sub' with build type 'ament_cmake'
[0.453s] INFO:colcon.colcon_cmake.task.cmake.build:Building CMake package in '/home/linux/ros2_ws/src/simulation_sub'
[0.456s] INFO:colcon.colcon_core.plugin_system:Skipping extension 'colcon_core.shell.bat': Not used on non-Windows systems
[0.456s] INFO:colcon.colcon_core.shell:Skip shell extension 'powershell' for command environment: Not usable outside of PowerShell
[0.456s] DEBUG:colcon.colcon_core.shell:Skip shell extension 'dsv' for command environment
[0.463s] DEBUG:colcon.colcon_core.event_handler.log_command:Invoking command in '/home/linux/ros2_ws/build/simulation_sub': CMAKE_PREFIX_PATH=${CMAKE_PREFIX_PATH}:/opt/ros/foxy /usr/bin/cmake /home/linux/ros2_ws/src/simulation_sub -DCMAKE_INSTALL_PREFIX=/home/linux/ros2_ws/install/simulation_sub
[3.689s] DEBUG:colcon.colcon_core.event_handler.log_command:Invoked command in '/home/linux/ros2_ws/build/simulation_sub' returned '0': CMAKE_PREFIX_PATH=${CMAKE_PREFIX_PATH}:/opt/ros/foxy /usr/bin/cmake /home/linux/ros2_ws/src/simulation_sub -DCMAKE_INSTALL_PREFIX=/home/linux/ros2_ws/install/simulation_sub
[3.691s] DEBUG:colcon.colcon_core.event_handler.log_command:Invoking command in '/home/linux/ros2_ws/build/simulation_sub': CMAKE_PREFIX_PATH=${CMAKE_PREFIX_PATH}:/opt/ros/foxy /usr/bin/cmake --build /home/linux/ros2_ws/build/simulation_sub -- -j24 -l24
[7.671s] DEBUG:colcon.colcon_core.event_handler.log_command:Invoked command in '/home/linux/ros2_ws/build/simulation_sub' returned '0': CMAKE_PREFIX_PATH=${CMAKE_PREFIX_PATH}:/opt/ros/foxy /usr/bin/cmake --build /home/linux/ros2_ws/build/simulation_sub -- -j24 -l24
[7.678s] DEBUG:colcon.colcon_core.event_handler.log_command:Invoking command in '/home/linux/ros2_ws/build/simulation_sub': CMAKE_PREFIX_PATH=${CMAKE_PREFIX_PATH}:/opt/ros/foxy /usr/bin/cmake --install /home/linux/ros2_ws/build/simulation_sub
[7.766s] Level 1:colcon.colcon_core.environment:create_environment_scripts_only(simulation_sub)
[7.767s] DEBUG:colcon.colcon_core.event_handler.log_command:Invoked command in '/home/linux/ros2_ws/build/simulation_sub' returned '0': CMAKE_PREFIX_PATH=${CMAKE_PREFIX_PATH}:/opt/ros/foxy /usr/bin/cmake --install /home/linux/ros2_ws/build/simulation_sub
[7.770s] Level 1:colcon.colcon_core.environment:checking '/home/linux/ros2_ws/install/simulation_sub' for CMake module files
[7.771s] Level 1:colcon.colcon_core.environment:checking '/home/linux/ros2_ws/install/simulation_sub' for CMake config files
[7.771s] Level 1:colcon.colcon_core.shell:create_environment_hook('simulation_sub', 'cmake_prefix_path')
[7.771s] INFO:colcon.colcon_core.shell:Creating environment hook '/home/linux/ros2_ws/install/simulation_sub/share/simulation_sub/hook/cmake_prefix_path.ps1'
[7.772s] INFO:colcon.colcon_core.shell:Creating environment descriptor '/home/linux/ros2_ws/install/simulation_sub/share/simulation_sub/hook/cmake_prefix_path.dsv'
[7.772s] INFO:colcon.colcon_core.shell:Creating environment hook '/home/linux/ros2_ws/install/simulation_sub/share/simulation_sub/hook/cmake_prefix_path.sh'
[7.773s] Level 1:colcon.colcon_core.environment:checking '/home/linux/ros2_ws/install/simulation_sub/lib'
[7.773s] Level 1:colcon.colcon_core.environment:checking '/home/linux/ros2_ws/install/simulation_sub/bin'
[7.773s] Level 1:colcon.colcon_core.environment:checking '/home/linux/ros2_ws/install/simulation_sub/lib/pkgconfig/simulation_sub.pc'
[7.773s] Level 1:colcon.colcon_core.environment:checking '/home/linux/ros2_ws/install/simulation_sub/lib/python3.8/site-packages'
[7.773s] Level 1:colcon.colcon_core.environment:checking '/home/linux/ros2_ws/install/simulation_sub/bin'
[7.774s] INFO:colcon.colcon_core.shell:Creating package script '/home/linux/ros2_ws/install/simulation_sub/share/simulation_sub/package.ps1'
[7.774s] INFO:colcon.colcon_core.shell:Creating package descriptor '/home/linux/ros2_ws/install/simulation_sub/share/simulation_sub/package.dsv'
[7.775s] INFO:colcon.colcon_core.shell:Creating package script '/home/linux/ros2_ws/install/simulation_sub/share/simulation_sub/package.sh'
[7.775s] INFO:colcon.colcon_core.shell:Creating package script '/home/linux/ros2_ws/install/simulation_sub/share/simulation_sub/package.bash'
[7.776s] INFO:colcon.colcon_core.shell:Creating package script '/home/linux/ros2_ws/install/simulation_sub/share/simulation_sub/package.zsh'
[7.776s] Level 1:colcon.colcon_core.environment:create_file_with_runtime_dependencies(/home/linux/ros2_ws/install/simulation_sub/share/colcon-core/packages/simulation_sub)
[7.777s] Level 1:colcon.colcon_core.environment:create_environment_scripts_only(simulation_sub)
[7.777s] Level 1:colcon.colcon_core.environment:checking '/home/linux/ros2_ws/install/simulation_sub' for CMake module files
[7.777s] Level 1:colcon.colcon_core.environment:checking '/home/linux/ros2_ws/install/simulation_sub' for CMake config files
[7.777s] Level 1:colcon.colcon_core.shell:create_environment_hook('simulation_sub', 'cmake_prefix_path')
[7.777s] INFO:colcon.colcon_core.shell:Creating environment hook '/home/linux/ros2_ws/install/simulation_sub/share/simulation_sub/hook/cmake_prefix_path.ps1'
[7.778s] INFO:colcon.colcon_core.shell:Creating environment descriptor '/home/linux/ros2_ws/install/simulation_sub/share/simulation_sub/hook/cmake_prefix_path.dsv'
[7.778s] INFO:colcon.colcon_core.shell:Creating environment hook '/home/linux/ros2_ws/install/simulation_sub/share/simulation_sub/hook/cmake_prefix_path.sh'
[7.778s] Level 1:colcon.colcon_core.environment:checking '/home/linux/ros2_ws/install/simulation_sub/lib'
[7.778s] Level 1:colcon.colcon_core.environment:checking '/home/linux/ros2_ws/install/simulation_sub/bin'
[7.778s] Level 1:colcon.colcon_core.environment:checking '/home/linux/ros2_ws/install/simulation_sub/lib/pkgconfig/simulation_sub.pc'
[7.778s] Level 1:colcon.colcon_core.environment:checking '/home/linux/ros2_ws/install/simulation_sub/lib/python3.8/site-packages'
[7.778s] Level 1:colcon.colcon_core.environment:checking '/home/linux/ros2_ws/install/simulation_sub/bin'
[7.779s] INFO:colcon.colcon_core.shell:Creating package script '/home/linux/ros2_ws/install/simulation_sub/share/simulation_sub/package.ps1'
[7.779s] INFO:colcon.colcon_core.shell:Creating package descriptor '/home/linux/ros2_ws/install/simulation_sub/share/simulation_sub/package.dsv'
[7.779s] INFO:colcon.colcon_core.shell:Creating package script '/home/linux/ros2_ws/install/simulation_sub/share/simulation_sub/package.sh'
[7.780s] INFO:colcon.colcon_core.shell:Creating package script '/home/linux/ros2_ws/install/simulation_sub/share/simulation_sub/package.bash'
[7.780s] INFO:colcon.colcon_core.shell:Creating package script '/home/linux/ros2_ws/install/simulation_sub/share/simulation_sub/package.zsh'
[7.780s] Level 1:colcon.colcon_core.environment:create_file_with_runtime_dependencies(/home/linux/ros2_ws/install/simulation_sub/share/colcon-core/packages/simulation_sub)
[7.780s] DEBUG:colcon.colcon_parallel_executor.executor.parallel:closing loop
[7.781s] DEBUG:colcon.colcon_parallel_executor.executor.parallel:loop closed
[7.781s] DEBUG:colcon.colcon_parallel_executor.executor.parallel:run_until_complete finished with '0'
[7.781s] DEBUG:colcon.colcon_core.event_reactor:joining thread
[7.809s] INFO:colcon.colcon_core.plugin_system:Skipping extension 'colcon_notification.desktop_notification.notify_send': Could not find 'notify-send'
[7.810s] INFO:colcon.colcon_core.plugin_system:Skipping extension 'colcon_notification.desktop_notification.terminal_notifier': Not used on non-Darwin systems
[7.810s] INFO:colcon.colcon_core.plugin_system:Skipping extension 'colcon_notification.desktop_notification.win32': Not used on non-Windows systems
[7.810s] INFO:colcon.colcon_notification.desktop_notification:Sending desktop notification using 'notify2'
[7.811s] DEBUG:colcon.colcon_notification.desktop_notification.notify2:Failed to initialize notify2: org.freedesktop.DBus.Error.ServiceUnknown: The name org.freedesktop.Notifications was not provided by any .service files
[7.811s] DEBUG:colcon.colcon_core.event_reactor:joined thread
[7.811s] INFO:colcon.colcon_core.shell:Creating prefix script '/home/linux/ros2_ws/install/local_setup.ps1'
[7.812s] INFO:colcon.colcon_core.shell:Creating prefix util module '/home/linux/ros2_ws/install/_local_setup_util_ps1.py'
[7.813s] INFO:colcon.colcon_core.shell:Creating prefix chain script '/home/linux/ros2_ws/install/setup.ps1'
[7.814s] INFO:colcon.colcon_core.shell:Creating prefix script '/home/linux/ros2_ws/install/local_setup.sh'
[7.814s] INFO:colcon.colcon_core.shell:Creating prefix util module '/home/linux/ros2_ws/install/_local_setup_util_sh.py'
[7.814s] INFO:colcon.colcon_core.shell:Creating prefix chain script '/home/linux/ros2_ws/install/setup.sh'
[7.815s] INFO:colcon.colcon_core.shell:Creating prefix script '/home/linux/ros2_ws/install/local_setup.bash'
[7.816s] INFO:colcon.colcon_core.shell:Creating prefix chain script '/home/linux/ros2_ws/install/setup.bash'
[7.816s] INFO:colcon.colcon_core.shell:Creating prefix script '/home/linux/ros2_ws/install/local_setup.zsh'
[7.817s] INFO:colcon.colcon_core.shell:Creating prefix chain script '/home/linux/ros2_ws/install/setup.zsh'
