[0.011s] Invoking command in '/home/linux/ros2_ws/build/simulation_sub': CMAKE_PREFIX_PATH=${CMAKE_PREFIX_PATH}:/opt/ros/foxy /usr/bin/cmake --build /home/linux/ros2_ws/build/simulation_sub -- -j24 -l24
[0.047s] -- Found ament_cmake: 0.9.12 (/opt/ros/foxy/share/ament_cmake/cmake)
[0.062s] -- Using PYTHON_EXECUTABLE: /usr/bin/python3
[0.148s] -- Override CMake install command with custom implementation using symlinks instead of copying resources
[0.160s] -- Found rclcpp: 2.4.3 (/opt/ros/foxy/share/rclcpp/cmake)
[0.271s] -- Using all available rosidl_typesupport_c: rosidl_typesupport_fastrtps_c;rosidl_typesupport_introspection_c
[0.274s] -- Found rosidl_adapter: 1.3.1 (/opt/ros/foxy/share/rosidl_adapter/cmake)
[3.119s] -- Using all available rosidl_typesupport_cpp: rosidl_typesupport_fastrtps_cpp;rosidl_typesupport_introspection_cpp
[3.156s] -- Found rmw_implementation_cmake: 1.0.4 (/opt/ros/foxy/share/rmw_implementation_cmake/cmake)
[3.158s] -- Using RMW implementation 'rmw_fastrtps_cpp' as default
[3.249s] -- Found sensor_msgs: 2.0.5 (/opt/ros/foxy/share/sensor_msgs/cmake)
[3.314s] -- Found cv_bridge: 3.0.7 (/opt/ros/foxy/share/cv_bridge/cmake)
[3.372s] -- Configuring done
[3.383s] -- Generating done
[3.388s] -- Build files have been written to: /home/linux/ros2_ws/build/simulation_sub
[3.408s] [35m[1mScanning dependencies of target sub[0m
[3.436s] [ 66%] [32mBuilding CXX object CMakeFiles/sub.dir/src/sub.cpp.o[0m
[3.437s] [ 66%] [32mBuilding CXX object CMakeFiles/sub.dir/src/object.cpp.o[0m
[6.798s] [100%] [32m[1mLinking CXX executable sub[0m
[7.406s] [100%] Built target sub
[7.413s] Invoked command in '/home/linux/ros2_ws/build/simulation_sub' returned '0': CMAKE_PREFIX_PATH=${CMAKE_PREFIX_PATH}:/opt/ros/foxy /usr/bin/cmake --build /home/linux/ros2_ws/build/simulation_sub -- -j24 -l24
[7.421s] Invoking command in '/home/linux/ros2_ws/build/simulation_sub': CMAKE_PREFIX_PATH=${CMAKE_PREFIX_PATH}:/opt/ros/foxy /usr/bin/cmake --install /home/linux/ros2_ws/build/simulation_sub
[7.425s] -- Install configuration: ""
[7.425s] -- Execute custom install script
[7.425s] -- Up-to-date symlink: /home/linux/ros2_ws/install/simulation_sub/lib/simulation_sub/sub
[7.426s] -- Up-to-date symlink: /home/linux/ros2_ws/install/simulation_sub/share/ament_index/resource_index/package_run_dependencies/simulation_sub
[7.426s] -- Up-to-date symlink: /home/linux/ros2_ws/install/simulation_sub/share/ament_index/resource_index/parent_prefix_path/simulation_sub
[7.426s] -- Up-to-date symlink: /home/linux/ros2_ws/install/simulation_sub/share/simulation_sub/environment/ament_prefix_path.sh
[7.427s] -- Up-to-date symlink: /home/linux/ros2_ws/install/simulation_sub/share/simulation_sub/environment/ament_prefix_path.dsv
[7.427s] -- Up-to-date symlink: /home/linux/ros2_ws/install/simulation_sub/share/simulation_sub/environment/path.sh
[7.427s] -- Up-to-date symlink: /home/linux/ros2_ws/install/simulation_sub/share/simulation_sub/environment/path.dsv
[7.428s] -- Up-to-date symlink: /home/linux/ros2_ws/install/simulation_sub/share/simulation_sub/local_setup.bash
[7.428s] -- Up-to-date symlink: /home/linux/ros2_ws/install/simulation_sub/share/simulation_sub/local_setup.sh
[7.428s] -- Up-to-date symlink: /home/linux/ros2_ws/install/simulation_sub/share/simulation_sub/local_setup.zsh
[7.428s] -- Up-to-date symlink: /home/linux/ros2_ws/install/simulation_sub/share/simulation_sub/local_setup.dsv
[7.429s] -- Symlinking: /home/linux/ros2_ws/install/simulation_sub/share/simulation_sub/package.dsv
[7.435s] -- Up-to-date symlink: /home/linux/ros2_ws/install/simulation_sub/share/ament_index/resource_index/packages/simulation_sub
[7.435s] -- Up-to-date symlink: /home/linux/ros2_ws/install/simulation_sub/share/simulation_sub/cmake/simulation_subConfig.cmake
[7.435s] -- Up-to-date symlink: /home/linux/ros2_ws/install/simulation_sub/share/simulation_sub/cmake/simulation_subConfig-version.cmake
[7.436s] -- Up-to-date symlink: /home/linux/ros2_ws/install/simulation_sub/share/simulation_sub/package.xml
[7.438s] Invoked command in '/home/linux/ros2_ws/build/simulation_sub' returned '0': CMAKE_PREFIX_PATH=${CMAKE_PREFIX_PATH}:/opt/ros/foxy /usr/bin/cmake --install /home/linux/ros2_ws/build/simulation_sub
