-- Found ament_cmake: 0.9.12 (/opt/ros/foxy/share/ament_cmake/cmake)
-- Using PYTHON_EXECUTABLE: /usr/bin/python3
-- Override CMake install command with custom implementation using symlinks instead of copying resources
-- Found rclcpp: 2.4.3 (/opt/ros/foxy/share/rclcpp/cmake)
-- Using all available rosidl_typesupport_c: rosidl_typesupport_fastrtps_c;rosidl_typesupport_introspection_c
-- Found rosidl_adapter: 1.3.1 (/opt/ros/foxy/share/rosidl_adapter/cmake)
-- Using all available rosidl_typesupport_cpp: rosidl_typesupport_fastrtps_cpp;rosidl_typesupport_introspection_cpp
-- Found rmw_implementation_cmake: 1.0.4 (/opt/ros/foxy/share/rmw_implementation_cmake/cmake)
-- Using RMW implementation 'rmw_fastrtps_cpp' as default
-- Found sensor_msgs: 2.0.5 (/opt/ros/foxy/share/sensor_msgs/cmake)
-- Found cv_bridge: 3.0.7 (/opt/ros/foxy/share/cv_bridge/cmake)
-- Configuring done
-- Generating done
-- Build files have been written to: /home/linux/ros2_ws/build/simulation_sub
[35m[1mScanning dependencies of target sub[0m
[ 33%] [32mBuilding CXX object CMakeFiles/sub.dir/src/sub.cpp.o[0m
[ 66%] [32mBuilding CXX object CMakeFiles/sub.dir/src/object.cpp.o[0m
[100%] [32m[1mLinking CXX executable sub[0m
[100%] Built target sub
-- Install configuration: ""
-- Execute custom install script
-- Symlinking: /home/linux/ros2_ws/install/simulation_sub/lib/simulation_sub/sub
-- Symlinking: /home/linux/ros2_ws/install/simulation_sub/share/ament_index/resource_index/package_run_dependencies/simulation_sub
-- Symlinking: /home/linux/ros2_ws/install/simulation_sub/share/ament_index/resource_index/parent_prefix_path/simulation_sub
-- Symlinking: /home/linux/ros2_ws/install/simulation_sub/share/simulation_sub/environment/ament_prefix_path.sh
-- Symlinking: /home/linux/ros2_ws/install/simulation_sub/share/simulation_sub/environment/ament_prefix_path.dsv
-- Symlinking: /home/linux/ros2_ws/install/simulation_sub/share/simulation_sub/environment/path.sh
-- Symlinking: /home/linux/ros2_ws/install/simulation_sub/share/simulation_sub/environment/path.dsv
-- Symlinking: /home/linux/ros2_ws/install/simulation_sub/share/simulation_sub/local_setup.bash
-- Symlinking: /home/linux/ros2_ws/install/simulation_sub/share/simulation_sub/local_setup.sh
-- Symlinking: /home/linux/ros2_ws/install/simulation_sub/share/simulation_sub/local_setup.zsh
-- Symlinking: /home/linux/ros2_ws/install/simulation_sub/share/simulation_sub/local_setup.dsv
-- Symlinking: /home/linux/ros2_ws/install/simulation_sub/share/simulation_sub/package.dsv
-- Symlinking: /home/linux/ros2_ws/install/simulation_sub/share/ament_index/resource_index/packages/simulation_sub
-- Symlinking: /home/linux/ros2_ws/install/simulation_sub/share/simulation_sub/cmake/simulation_subConfig.cmake
-- Symlinking: /home/linux/ros2_ws/install/simulation_sub/share/simulation_sub/cmake/simulation_subConfig-version.cmake
-- Symlinking: /home/linux/ros2_ws/install/simulation_sub/share/simulation_sub/package.xml
