[0.010s] Invoking command in '/home/linux/ros2_ws/build/simulation_sub': CMAKE_PREFIX_PATH=${CMAKE_PREFIX_PATH}:/opt/ros/foxy /usr/bin/cmake /home/linux/ros2_ws/src/simulation_sub -DCMAKE_INSTALL_PREFIX=/home/linux/ros2_ws/install/simulation_sub
[0.044s] -- Found ament_cmake: 0.9.12 (/opt/ros/foxy/share/ament_cmake/cmake)
[0.061s] -- Using PYTHON_EXECUTABLE: /usr/bin/python3
[0.149s] -- Override CMake install command with custom implementation using symlinks instead of copying resources
[0.161s] -- Found rclcpp: 2.4.3 (/opt/ros/foxy/share/rclcpp/cmake)
[0.276s] -- Using all available rosidl_typesupport_c: rosidl_typesupport_fastrtps_c;rosidl_typesupport_introspection_c
[0.278s] -- Found rosidl_adapter: 1.3.1 (/opt/ros/foxy/share/rosidl_adapter/cmake)
[2.955s] -- Using all available rosidl_typesupport_cpp: rosidl_typesupport_fastrtps_cpp;rosidl_typesupport_introspection_cpp
[2.990s] -- Found rmw_implementation_cmake: 1.0.4 (/opt/ros/foxy/share/rmw_implementation_cmake/cmake)
[2.992s] -- Using RMW implementation 'rmw_fastrtps_cpp' as default
[3.080s] -- Found sensor_msgs: 2.0.5 (/opt/ros/foxy/share/sensor_msgs/cmake)
[3.149s] -- Found cv_bridge: 3.0.7 (/opt/ros/foxy/share/cv_bridge/cmake)
[3.212s] -- Configuring done
[3.223s] -- Generating done
[3.228s] -- Build files have been written to: /home/linux/ros2_ws/build/simulation_sub
[3.236s] Invoked command in '/home/linux/ros2_ws/build/simulation_sub' returned '0': CMAKE_PREFIX_PATH=${CMAKE_PREFIX_PATH}:/opt/ros/foxy /usr/bin/cmake /home/linux/ros2_ws/src/simulation_sub -DCMAKE_INSTALL_PREFIX=/home/linux/ros2_ws/install/simulation_sub
[3.238s] Invoking command in '/home/linux/ros2_ws/build/simulation_sub': CMAKE_PREFIX_PATH=${CMAKE_PREFIX_PATH}:/opt/ros/foxy /usr/bin/cmake --build /home/linux/ros2_ws/build/simulation_sub -- -j24 -l24
[3.264s] [35m[1mScanning dependencies of target sub[0m
[3.319s] [ 33%] [32mBuilding CXX object CMakeFiles/sub.dir/src/sub.cpp.o[0m
[3.319s] [ 66%] [32mBuilding CXX object CMakeFiles/sub.dir/src/object.cpp.o[0m
[6.650s] [100%] [32m[1mLinking CXX executable sub[0m
[7.212s] [100%] Built target sub
[7.218s] Invoked command in '/home/linux/ros2_ws/build/simulation_sub' returned '0': CMAKE_PREFIX_PATH=${CMAKE_PREFIX_PATH}:/opt/ros/foxy /usr/bin/cmake --build /home/linux/ros2_ws/build/simulation_sub -- -j24 -l24
[7.225s] Invoking command in '/home/linux/ros2_ws/build/simulation_sub': CMAKE_PREFIX_PATH=${CMAKE_PREFIX_PATH}:/opt/ros/foxy /usr/bin/cmake --install /home/linux/ros2_ws/build/simulation_sub
[7.229s] -- Install configuration: ""
[7.230s] -- Execute custom install script
[7.230s] -- Symlinking: /home/linux/ros2_ws/install/simulation_sub/lib/simulation_sub/sub
[7.236s] -- Symlinking: /home/linux/ros2_ws/install/simulation_sub/share/ament_index/resource_index/package_run_dependencies/simulation_sub
[7.241s] -- Symlinking: /home/linux/ros2_ws/install/simulation_sub/share/ament_index/resource_index/parent_prefix_path/simulation_sub
[7.247s] -- Symlinking: /home/linux/ros2_ws/install/simulation_sub/share/simulation_sub/environment/ament_prefix_path.sh
[7.252s] -- Symlinking: /home/linux/ros2_ws/install/simulation_sub/share/simulation_sub/environment/ament_prefix_path.dsv
[7.258s] -- Symlinking: /home/linux/ros2_ws/install/simulation_sub/share/simulation_sub/environment/path.sh
[7.263s] -- Symlinking: /home/linux/ros2_ws/install/simulation_sub/share/simulation_sub/environment/path.dsv
[7.268s] -- Symlinking: /home/linux/ros2_ws/install/simulation_sub/share/simulation_sub/local_setup.bash
[7.273s] -- Symlinking: /home/linux/ros2_ws/install/simulation_sub/share/simulation_sub/local_setup.sh
[7.278s] -- Symlinking: /home/linux/ros2_ws/install/simulation_sub/share/simulation_sub/local_setup.zsh
[7.283s] -- Symlinking: /home/linux/ros2_ws/install/simulation_sub/share/simulation_sub/local_setup.dsv
[7.288s] -- Symlinking: /home/linux/ros2_ws/install/simulation_sub/share/simulation_sub/package.dsv
[7.293s] -- Symlinking: /home/linux/ros2_ws/install/simulation_sub/share/ament_index/resource_index/packages/simulation_sub
[7.298s] -- Symlinking: /home/linux/ros2_ws/install/simulation_sub/share/simulation_sub/cmake/simulation_subConfig.cmake
[7.303s] -- Symlinking: /home/linux/ros2_ws/install/simulation_sub/share/simulation_sub/cmake/simulation_subConfig-version.cmake
[7.308s] -- Symlinking: /home/linux/ros2_ws/install/simulation_sub/share/simulation_sub/package.xml
[7.314s] Invoked command in '/home/linux/ros2_ws/build/simulation_sub' returned '0': CMAKE_PREFIX_PATH=${CMAKE_PREFIX_PATH}:/opt/ros/foxy /usr/bin/cmake --install /home/linux/ros2_ws/build/simulation_sub
